#
# A fatal error has been detected by the Java Runtime Environment:
#
#  SIGSEGV (0xb) at pc=0x00000001e08b2418, pid=2964, tid=23555
#
# JRE version: Java(TM) SE Runtime Environment (8.0_45-b14) (build 1.8.0_45-b14)
# Java VM: Java HotSpot(TM) 64-Bit Server VM (25.45-b02 mixed mode bsd-amd64 compressed oops)
# Problematic frame:
# C  [librxtxSerial.jnilib+0x3418]  read_byte_array+0x44
#
# Failed to write core dump. Core dumps have been disabled. To enable core dumping, try "ulimit -c unlimited" before starting Java again
#
# If you would like to submit a bug report, please visit:
#   http://bugreport.java.com/bugreport/crash.jsp
# The crash happened outside the Java Virtual Machine in native code.
# See problematic frame for where to report the bug.
#

---------------  T H R E A D  ---------------

Current thread (0x00007ff69c0b4000):  JavaThread "Thread-0" [_thread_in_native, id=23555, stack(0x00000001e08be000,0x00000001e09be000)]

siginfo: si_signo: 11 (SIGSEGV), si_code: 1 (SEGV_MAPERR), si_addr: 0xffffffffe09bd708

Registers:
RAX=0xffffffffe09bd700, RBX=0x00007ff69d81ce00, RCX=0x0000000000000000, RDX=0x0000000000000002
RSP=0x00000001e09bc990, RBP=0x00000001e09bcaa0, RSI=0x00000001e08b4c66, RDI=0x00000001e08b505d
R8 =0x0000000000000065, R9 =0x000000016c43c128, R10=0x0000000000000002, R11=0x0000000106ec30e0
R12=0x00007ff69c0b41f8, R13=0x00000000ffffffff, R14=0x00000000ffffffff, R15=0xffffffffe09bd700
RIP=0x00000001e08b2418, EFLAGS=0x0000000000010202, ERR=0x0000000000000004
  TRAPNO=0x000000000000000e

Top of Stack: (sp=0x00000001e09bc990)
0x00000001e09bc990:   0000000000000000 00000000ffffffff
0x00000001e09bc9a0:   00000001053f4000 00007ff69d81ce00
0x00000001e09bc9b0:   00000011e09bc9e0 00007fff8ae74877
0x00000001e09bc9c0:   0000000105424000 0000000000002000
0x00000001e09bc9d0:   0000000000000007 0000000000002000
0x00000001e09bc9e0:   00000001e09bca00 00007fff8ae73395
0x00000001e09bc9f0:   0000000000000000 00000001e09bca58
0x00000001e09bca00:   00000001e09bca40 0000000106a68ff8
0x00000001e09bca10:   00000001e09bca80 0000000000000000
0x00000001e09bca20:   00007ff69c0b41f8 00000000ffffffff
0x00000001e09bca30:   00007ff69d81ce00 000000016c440ad8
0x00000001e09bca40:   00000001e09bcaa0 00000001069120cb
0x00000001e09bca50:   00007ff69c0b4000 0000000000000000
0x00000001e09bca60:   0000000000000000 0000000000000000
0x00000001e09bca70:   0000000000000000 00007ff69d81ce00
0x00000001e09bca80:   00007ff69c0b41f8 00000000ffffffff
0x00000001e09bca90:   0000000000000001 0000000000000011
0x00000001e09bcaa0:   00000001e09bcb00 00000001e08b28f1
0x00000001e09bcab0:   00007ff69c0b4000 00000000dc2cff20
0x00000001e09bcac0:   00000001e09bcba0 00000001e09bcba8
0x00000001e09bcad0:   00000001dc2cff20 00000001dc2cff20
0x00000001e09bcae0:   0000000000000000 00000001dc2cff18
0x00000001e09bcaf0:   00000001e09bcba8 00007ff69c0b4000
0x00000001e09bcb00:   00000001e09bcb70 00000001075c6954
0x00000001e09bcb10:   00000001e09bcb70 00000001075c66d9
0x00000001e09bcb20:   00000001075d20a3 00000001075c66a2
0x00000001e09bcb30:   00000001e09bcb30 00000001dc2cff18
0x00000001e09bcb40:   00000001e09bcba8 00000001dc2dbe50
0x00000001e09bcb50:   0000000000000000 00000001dc2cff20
0x00000001e09bcb60:   0000000000000000 00000001e09bcb90
0x00000001e09bcb70:   00000001e09bcc10 00000001075b8690
0x00000001e09bcb80:   0000000000000000 00000001075c0576 

Instructions: (pc=0x00000001e08b2418)
0x00000001e08b23f8:   04 ff ff ff 45 89 ce 48 8d 0d 5e 28 00 00 48 8d
0x00000001e08b2408:   15 59 28 00 00 48 8b 36 e8 fb fb ff ff 49 89 c7
0x00000001e08b2418:   8b 40 08 89 85 38 ff ff ff 41 c7 47 08 00 00 00
0x00000001e08b2428:   00 48 c7 85 30 ff ff ff 00 00 00 00 45 85 f6 78 

Register to memory mapping:

RAX=0xffffffffe09bd700 is an unknown value
RBX=0x00007ff69d81ce00 is an unknown value
RCX=0x0000000000000000 is an unknown value
RDX=0x0000000000000002 is an unknown value
RSP=0x00000001e09bc990 is pointing into the stack for thread: 0x00007ff69c0b4000
RBP=0x00000001e09bcaa0 is pointing into the stack for thread: 0x00007ff69c0b4000
RSI=0x00000001e08b4c66: Java_gnu_io_CommPortIdentifier_native_1psmisc_1report_1owner+0x4c2 in /Users/johanmouritsen/Downloads/SensorSender 3/lib/librxtxSerial.jnilib at 0x00000001e08af000
RDI=0x00000001e08b505d: Java_gnu_io_CommPortIdentifier_native_1psmisc_1report_1owner+0x8b9 in /Users/johanmouritsen/Downloads/SensorSender 3/lib/librxtxSerial.jnilib at 0x00000001e08af000
R8 =0x0000000000000065 is an unknown value
R9 =0x000000016c43c128 is an oop
gnu.io.RXTXPort 
 - klass: 'gnu/io/RXTXPort'
R10=0x0000000000000002 is an unknown value
R11=0x0000000106ec30e0: _ZN20SafepointSynchronize18_safepoint_counterE+0 in /Library/Java/JavaVirtualMachines/jdk1.8.0_45.jdk/Contents/Home/jre/lib/server/libjvm.dylib at 0x0000000106600000
R12=0x00007ff69c0b41f8 is an unknown value
R13=0x00000000ffffffff is an unknown value
R14=0x00000000ffffffff is an unknown value
R15=0xffffffffe09bd700 is an unknown value


Stack: [0x00000001e08be000,0x00000001e09be000],  sp=0x00000001e09bc990,  free space=1018k
Native frames: (J=compiled Java code, j=interpreted, Vv=VM code, C=native code)
C  [librxtxSerial.jnilib+0x3418]  read_byte_array+0x44
C  [librxtxSerial.jnilib+0x38f1]  Java_gnu_io_RXTXPort_readArray+0xc3
j  gnu.io.RXTXPort.readArray([BII)I+0
j  gnu.io.RXTXPort$SerialInputStream.read([BII)I+212
j  sun.nio.cs.StreamDecoder.readBytes()I+135
j  sun.nio.cs.StreamDecoder.implRead([CII)I+112
j  sun.nio.cs.StreamDecoder.read([CII)I+180
j  java.io.InputStreamReader.read([CII)I+7
j  java.io.BufferedReader.fill()V+145
J 39 C1 java.io.BufferedReader.readLine(Z)Ljava/lang/String; (304 bytes) @ 0x00000001076ce29c [0x00000001076cdfc0+0x2dc]
j  java.io.BufferedReader.readLine()Ljava/lang/String;+2
j  SerialReader.serialEvent(Lgnu/io/SerialPortEvent;)V+23
j  gnu.io.RXTXPort.sendEvent(IZ)Z+382
v  ~StubRoutines::call_stub
V  [libjvm.dylib+0x2e032a]
V  [libjvm.dylib+0x316de6]
V  [libjvm.dylib+0x3072ce]
C  [librxtxSerial.jnilib+0x191e]  send_event+0x84
C  [librxtxSerial.jnilib+0x282b]  report_serial_events+0x5c
C  [librxtxSerial.jnilib+0x48c9]  Java_gnu_io_RXTXPort_eventLoop+0xed
j  gnu.io.RXTXPort.eventLoop()V+0
j  gnu.io.RXTXPort$MonitorThread.run()V+12
v  ~StubRoutines::call_stub
V  [libjvm.dylib+0x2e032a]
V  [libjvm.dylib+0x2e0ab8]
V  [libjvm.dylib+0x2e0c64]
V  [libjvm.dylib+0x3331a5]
V  [libjvm.dylib+0x549acf]
V  [libjvm.dylib+0x54b1c0]
V  [libjvm.dylib+0x46ea7e]
C  [libsystem_pthread.dylib+0x3268]  _pthread_body+0x83
C  [libsystem_pthread.dylib+0x31e5]  _pthread_body+0x0
C  [libsystem_pthread.dylib+0x141d]  thread_start+0xd
C  0x0000000000000000

Java frames: (J=compiled Java code, j=interpreted, Vv=VM code)
j  gnu.io.RXTXPort.readArray([BII)I+0
j  gnu.io.RXTXPort$SerialInputStream.read([BII)I+212
j  sun.nio.cs.StreamDecoder.readBytes()I+135
j  sun.nio.cs.StreamDecoder.implRead([CII)I+112
j  sun.nio.cs.StreamDecoder.read([CII)I+180
j  java.io.InputStreamReader.read([CII)I+7
j  java.io.BufferedReader.fill()V+145
J 39 C1 java.io.BufferedReader.readLine(Z)Ljava/lang/String; (304 bytes) @ 0x00000001076ce29c [0x00000001076cdfc0+0x2dc]
j  java.io.BufferedReader.readLine()Ljava/lang/String;+2
j  SerialReader.serialEvent(Lgnu/io/SerialPortEvent;)V+23
j  gnu.io.RXTXPort.sendEvent(IZ)Z+382
v  ~StubRoutines::call_stub
j  gnu.io.RXTXPort.eventLoop()V+0
j  gnu.io.RXTXPort$MonitorThread.run()V+12
v  ~StubRoutines::call_stub

---------------  P R O C E S S  ---------------

Java Threads: ( => current thread )
=>0x00007ff69c0b4000 JavaThread "Thread-0" [_thread_in_native, id=23555, stack(0x00000001e08be000,0x00000001e09be000)]
  0x00007ff69b00b800 JavaThread "Service Thread" daemon [_thread_blocked, id=20739, stack(0x00000001e060e000,0x00000001e070e000)]
  0x00007ff69d812800 JavaThread "C1 CompilerThread3" daemon [_thread_blocked, id=20227, stack(0x00000001e050b000,0x00000001e060b000)]
  0x00007ff69d812000 JavaThread "C2 CompilerThread2" daemon [_thread_blocked, id=19715, stack(0x00000001e0408000,0x00000001e0508000)]
  0x00007ff69d811000 JavaThread "C2 CompilerThread1" daemon [_thread_blocked, id=19203, stack(0x00000001e0305000,0x00000001e0405000)]
  0x00007ff69d801000 JavaThread "C2 CompilerThread0" daemon [_thread_blocked, id=18691, stack(0x00000001e0202000,0x00000001e0302000)]
  0x00007ff69c044000 JavaThread "Signal Dispatcher" daemon [_thread_blocked, id=15383, stack(0x00000001e00ff000,0x00000001e01ff000)]
  0x00007ff69b015800 JavaThread "Finalizer" daemon [_thread_blocked, id=13571, stack(0x00000001de7d1000,0x00000001de8d1000)]
  0x00007ff69b015000 JavaThread "Reference Handler" daemon [_thread_blocked, id=13059, stack(0x00000001de6ce000,0x00000001de7ce000)]
  0x00007ff69c006800 JavaThread "main" [_thread_in_Java, id=4867, stack(0x00000001054f0000,0x00000001055f0000)]

Other Threads:
  0x00007ff69c02d800 VMThread [stack: 0x00000001de5cb000,0x00000001de6cb000] [id=12547]
  0x00007ff69b019800 WatcherThread [stack: 0x00000001e0711000,0x00000001e0811000] [id=21251]

VM state:not at safepoint (normal execution)

VM Mutex/Monitor currently owned by a thread: None

Heap:
 PSYoungGen      total 38400K, used 4001K [0x000000016c180000, 0x000000016ec00000, 0x0000000196c00000)
  eden space 33280K, 12% used [0x000000016c180000,0x000000016c568740,0x000000016e200000)
  from space 5120K, 0% used [0x000000016e700000,0x000000016e700000,0x000000016ec00000)
  to   space 5120K, 0% used [0x000000016e200000,0x000000016e200000,0x000000016e700000)
 ParOldGen       total 87552K, used 0K [0x0000000116c00000, 0x000000011c180000, 0x000000016c180000)
  object space 87552K, 0% used [0x0000000116c00000,0x0000000116c00000,0x000000011c180000)
 Metaspace       used 3262K, capacity 4674K, committed 4864K, reserved 1056768K
  class space    used 354K, capacity 426K, committed 512K, reserved 1048576K

Card table byte_map: [0x0000000196c00000,0x0000000197001000] byte_map_base: 0x000000019634a000

Marking Bits: (ParMarkBitMap*) 0x0000000106ec27a0
 Begin Bits: [0x0000000197ac4000, 0x0000000199ac4000)
 End Bits:   [0x0000000199ac4000, 0x000000019bac4000)

Polling page: 0x000000010759e000

CodeCache: size=245760Kb used=1291Kb max_used=1301Kb free=244468Kb
 bounds [0x00000001075b1000, 0x0000000107821000, 0x00000001165b1000]
 total_blobs=346 nmethods=101 adapters=159
 compilation: enabled

Compilation events (10 events):
Event: 0.121 Thread 0x00007ff69d812800   97 % !   3       DataSender::main @ 60 (151 bytes)
Event: 0.122 Thread 0x00007ff69d812800 nmethod 97% 0x00000001076ee910 code [0x00000001076eec20, 0x00000001076f0128]
Event: 0.122 Thread 0x00007ff69d812800   98   !   3       DataSender::main (151 bytes)
Event: 0.123 Thread 0x00007ff69d812800 nmethod 98 0x00000001076f1450 code [0x00000001076f1760, 0x00000001076f2c08]
Event: 0.123 Thread 0x00007ff69d812000   99 % !   4       DataSender::main @ 60 (151 bytes)
Event: 0.124 Thread 0x00007ff69d812000 nmethod 99% 0x00000001076ee550 code [0x00000001076ee6a0, 0x00000001076ee7b8]
Event: 1.025 Thread 0x00007ff69d812800  100       1       sun.util.calendar.CalendarDate::getYear (5 bytes)
Event: 1.025 Thread 0x00007ff69d812800 nmethod 100 0x00000001076f6690 code [0x00000001076f67e0, 0x00000001076f68f0]
Event: 1.025 Thread 0x00007ff69d812800  101       1       sun.util.calendar.CalendarDate::getZone (5 bytes)
Event: 1.025 Thread 0x00007ff69d812800 nmethod 101 0x00000001076f63d0 code [0x00000001076f6520, 0x00000001076f6630]

GC Heap History (0 events):
No events

Deoptimization events (0 events):
No events

Internal exceptions (10 events):
Event: 0.083 Thread 0x00007ff69c006800 Exception <a 'java/util/zip/ZipException'> (0x000000016c3a3758) thrown at [/Users/java_re/workspace/8-2-build-macosx-x86_64/jdk8u45/3457/hotspot/src/share/vm/prims/jni.cpp, line 709]
Event: 0.083 Thread 0x00007ff69c006800 Exception <a 'java/security/PrivilegedActionException'> (0x000000016c3a3908) thrown at [/Users/java_re/workspace/8-2-build-macosx-x86_64/jdk8u45/3457/hotspot/src/share/vm/prims/jvm.cpp, line 1382]
Event: 0.083 Thread 0x00007ff69c006800 Exception <a 'java/security/PrivilegedActionException'> (0x000000016c3a3ac0) thrown at [/Users/java_re/workspace/8-2-build-macosx-x86_64/jdk8u45/3457/hotspot/src/share/vm/prims/jvm.cpp, line 1382]
Event: 0.085 Thread 0x00007ff69c006800 Exception <a 'java/util/zip/ZipException'> (0x000000016c3b6780) thrown at [/Users/java_re/workspace/8-2-build-macosx-x86_64/jdk8u45/3457/hotspot/src/share/vm/prims/jni.cpp, line 709]
Event: 0.085 Thread 0x00007ff69c006800 Exception <a 'java/security/PrivilegedActionException'> (0x000000016c3b6930) thrown at [/Users/java_re/workspace/8-2-build-macosx-x86_64/jdk8u45/3457/hotspot/src/share/vm/prims/jvm.cpp, line 1382]
Event: 0.085 Thread 0x00007ff69c006800 Exception <a 'java/security/PrivilegedActionException'> (0x000000016c3b6ae8) thrown at [/Users/java_re/workspace/8-2-build-macosx-x86_64/jdk8u45/3457/hotspot/src/share/vm/prims/jvm.cpp, line 1382]
Event: 0.106 Thread 0x00007ff69c006800 Exception <a 'java/io/FileNotFoundException'> (0x000000016c40e0f8) thrown at [/Users/java_re/workspace/8-2-build-macosx-x86_64/jdk8u45/3457/hotspot/src/share/vm/prims/jni.cpp, line 709]
Event: 0.106 Thread 0x00007ff69c006800 Exception <a 'java/io/FileNotFoundException'> (0x000000016c4106d8) thrown at [/Users/java_re/workspace/8-2-build-macosx-x86_64/jdk8u45/3457/hotspot/src/share/vm/prims/jni.cpp, line 709]
Event: 0.107 Thread 0x00007ff69c006800 Exception <a 'java/io/FileNotFoundException'> (0x000000016c41d638) thrown at [/Users/java_re/workspace/8-2-build-macosx-x86_64/jdk8u45/3457/hotspot/src/share/vm/prims/jni.cpp, line 709]
Event: 0.108 Thread 0x00007ff69c006800 Exception <a 'java/io/FileNotFoundException'> (0x000000016c41fa88) thrown at [/Users/java_re/workspace/8-2-build-macosx-x86_64/jdk8u45/3457/hotspot/src/share/vm/prims/jni.cpp, line 709]

Events (10 events):
Event: 0.111 loading class java/lang/IndexOutOfBoundsException done
Event: 0.112 loading class gnu/io/RXTXPort$MonitorThread
Event: 0.112 loading class gnu/io/RXTXPort$MonitorThread done
Event: 0.113 Thread 0x00007ff69c0b4000 Thread added: 0x00007ff69c0b4000
Event: 0.124 Thread 0x00007ff69c006800 DEOPT PACKING pc=0x00000001076efd18 sp=0x00000001055ef820
Event: 0.124 Thread 0x00007ff69c006800 DEOPT UNPACKING pc=0x00000001075f8633 sp=0x00000001055ef608 mode 0
Event: 1.024 loading class gnu/io/SerialPortEvent
Event: 1.024 loading class gnu/io/SerialPortEvent done
Event: 1.025 loading class java/util/EventObject
Event: 1.025 loading class java/util/EventObject done


Dynamic libraries:
0x0000000008118000 	/System/Library/Frameworks/Cocoa.framework/Versions/A/Cocoa
0x0000000008118000 	/System/Library/Frameworks/Security.framework/Versions/A/Security
0x0000000008118000 	/System/Library/Frameworks/ApplicationServices.framework/Versions/A/ApplicationServices
0x0000000008118000 	/usr/lib/libz.1.dylib
0x0000000008118000 	/usr/lib/libSystem.B.dylib
0x0000000008118000 	/usr/lib/libobjc.A.dylib
0x0000000008118000 	/System/Library/Frameworks/CoreFoundation.framework/Versions/A/CoreFoundation
0x0000000008118000 	/System/Library/Frameworks/Foundation.framework/Versions/C/Foundation
0x0000000008118000 	/System/Library/Frameworks/AppKit.framework/Versions/C/AppKit
0x0000000008118000 	/System/Library/Frameworks/CoreData.framework/Versions/A/CoreData
0x0000000008118000 	/System/Library/PrivateFrameworks/RemoteViewServices.framework/Versions/A/RemoteViewServices
0x0000000008118000 	/System/Library/PrivateFrameworks/UIFoundation.framework/Versions/A/UIFoundation
0x0000000008118000 	/System/Library/Frameworks/IOSurface.framework/Versions/A/IOSurface
0x0000000008118000 	/System/Library/Frameworks/AudioToolbox.framework/Versions/A/AudioToolbox
0x0000000008118000 	/System/Library/Frameworks/AudioUnit.framework/Versions/A/AudioUnit
0x0000000008118000 	/System/Library/PrivateFrameworks/DataDetectorsCore.framework/Versions/A/DataDetectorsCore
0x0000000008118000 	/System/Library/PrivateFrameworks/DesktopServicesPriv.framework/Versions/A/DesktopServicesPriv
0x0000000008118000 	/System/Library/Frameworks/Carbon.framework/Versions/A/Frameworks/HIToolbox.framework/Versions/A/HIToolbox
0x0000000008118000 	/System/Library/Frameworks/QuartzCore.framework/Versions/A/QuartzCore
0x0000000008118000 	/System/Library/Frameworks/Carbon.framework/Versions/A/Frameworks/SpeechRecognition.framework/Versions/A/SpeechRecognition
0x0000000008118000 	/usr/lib/libauto.dylib
0x0000000008118000 	/usr/lib/libicucore.A.dylib
0x0000000008118000 	/usr/lib/libxml2.2.dylib
0x0000000008118000 	/System/Library/PrivateFrameworks/CoreUI.framework/Versions/A/CoreUI
0x0000000008118000 	/System/Library/Frameworks/CoreAudio.framework/Versions/A/CoreAudio
0x0000000008118000 	/System/Library/Frameworks/DiskArbitration.framework/Versions/A/DiskArbitration
0x0000000008118000 	/usr/lib/liblangid.dylib
0x0000000008118000 	/System/Library/PrivateFrameworks/MultitouchSupport.framework/Versions/A/MultitouchSupport
0x0000000008118000 	/System/Library/Frameworks/IOKit.framework/Versions/A/IOKit
0x0000000008118000 	/usr/lib/libDiagnosticMessagesClient.dylib
0x0000000008118000 	/System/Library/Frameworks/CoreServices.framework/Versions/A/CoreServices
0x0000000008118000 	/System/Library/PrivateFrameworks/PerformanceAnalysis.framework/Versions/A/PerformanceAnalysis
0x0000000008118000 	/System/Library/PrivateFrameworks/GenerationalStorage.framework/Versions/A/GenerationalStorage
0x0000000008118000 	/System/Library/Frameworks/OpenGL.framework/Versions/A/OpenGL
0x0000000008118000 	/System/Library/PrivateFrameworks/Sharing.framework/Versions/A/Sharing
0x0000000008118000 	/System/Library/Frameworks/CoreGraphics.framework/Versions/A/CoreGraphics
0x0000000008118000 	/System/Library/Frameworks/CoreText.framework/Versions/A/CoreText
0x0000000008118000 	/System/Library/Frameworks/ImageIO.framework/Versions/A/ImageIO
0x0000000008118000 	/usr/lib/libextension.dylib
0x0000000008118000 	/System/Library/PrivateFrameworks/Backup.framework/Versions/A/Backup
0x0000000008118000 	/usr/lib/libarchive.2.dylib
0x0000000008118000 	/System/Library/Frameworks/CFNetwork.framework/Versions/A/CFNetwork
0x0000000008118000 	/System/Library/Frameworks/SystemConfiguration.framework/Versions/A/SystemConfiguration
0x0000000008118000 	/usr/lib/libCRFSuite.dylib
0x0000000008118000 	/usr/lib/libc++.1.dylib
0x0000000008118000 	/usr/lib/libc++abi.dylib
0x0000000008118000 	/usr/lib/system/libcache.dylib
0x0000000008118000 	/usr/lib/system/libcommonCrypto.dylib
0x0000000008118000 	/usr/lib/system/libcompiler_rt.dylib
0x0000000008118000 	/usr/lib/system/libcopyfile.dylib
0x0000000008118000 	/usr/lib/system/libcorecrypto.dylib
0x0000000008118000 	/usr/lib/system/libdispatch.dylib
0x0000000008118000 	/usr/lib/system/libdyld.dylib
0x0000000008118000 	/usr/lib/system/libkeymgr.dylib
0x0000000008118000 	/usr/lib/system/liblaunch.dylib
0x0000000008118000 	/usr/lib/system/libmacho.dylib
0x0000000008118000 	/usr/lib/system/libquarantine.dylib
0x0000000008118000 	/usr/lib/system/libremovefile.dylib
0x0000000008118000 	/usr/lib/system/libsystem_asl.dylib
0x0000000008118000 	/usr/lib/system/libsystem_blocks.dylib
0x0000000008118000 	/usr/lib/system/libsystem_c.dylib
0x0000000008118000 	/usr/lib/system/libsystem_configuration.dylib
0x0000000008118000 	/usr/lib/system/libsystem_coreservices.dylib
0x0000000008118000 	/usr/lib/system/libsystem_coretls.dylib
0x0000000008118000 	/usr/lib/system/libsystem_dnssd.dylib
0x0000000008118000 	/usr/lib/system/libsystem_info.dylib
0x0000000008118000 	/usr/lib/system/libsystem_kernel.dylib
0x0000000008118000 	/usr/lib/system/libsystem_m.dylib
0x0000000008118000 	/usr/lib/system/libsystem_malloc.dylib
0x0000000008118000 	/usr/lib/system/libsystem_network.dylib
0x0000000008118000 	/usr/lib/system/libsystem_networkextension.dylib
0x0000000008118000 	/usr/lib/system/libsystem_notify.dylib
0x0000000008118000 	/usr/lib/system/libsystem_platform.dylib
0x0000000008118000 	/usr/lib/system/libsystem_pthread.dylib
0x0000000008118000 	/usr/lib/system/libsystem_sandbox.dylib
0x0000000008118000 	/usr/lib/system/libsystem_secinit.dylib
0x0000000008118000 	/usr/lib/system/libsystem_stats.dylib
0x0000000008118000 	/usr/lib/system/libsystem_trace.dylib
0x0000000008118000 	/usr/lib/system/libunc.dylib
0x0000000008118000 	/usr/lib/system/libunwind.dylib
0x0000000008118000 	/usr/lib/system/libxpc.dylib
0x0000000008118000 	/usr/lib/libbz2.1.0.dylib
0x0000000008118000 	/usr/lib/liblzma.5.dylib
0x0000000008118000 	/usr/lib/libbsm.0.dylib
0x0000000008118000 	/usr/lib/libsqlite3.dylib
0x0000000008118000 	/usr/lib/system/libkxld.dylib
0x0000000008118000 	/usr/lib/libxar.1.dylib
0x0000000008118000 	/usr/lib/libpam.2.dylib
0x0000000008118000 	/usr/lib/libOpenScriptingUtil.dylib
0x0000000008118000 	/System/Library/Frameworks/CoreServices.framework/Versions/A/Frameworks/FSEvents.framework/Versions/A/FSEvents
0x0000000008118000 	/System/Library/Frameworks/CoreServices.framework/Versions/A/Frameworks/CarbonCore.framework/Versions/A/CarbonCore
0x0000000008118000 	/System/Library/Frameworks/CoreServices.framework/Versions/A/Frameworks/Metadata.framework/Versions/A/Metadata
0x0000000008118000 	/System/Library/Frameworks/CoreServices.framework/Versions/A/Frameworks/OSServices.framework/Versions/A/OSServices
0x0000000008118000 	/System/Library/Frameworks/CoreServices.framework/Versions/A/Frameworks/SearchKit.framework/Versions/A/SearchKit
0x0000000008118000 	/System/Library/Frameworks/CoreServices.framework/Versions/A/Frameworks/AE.framework/Versions/A/AE
0x0000000008118000 	/System/Library/Frameworks/CoreServices.framework/Versions/A/Frameworks/LaunchServices.framework/Versions/A/LaunchServices
0x0000000008118000 	/System/Library/Frameworks/CoreServices.framework/Versions/A/Frameworks/DictionaryServices.framework/Versions/A/DictionaryServices
0x0000000008118000 	/System/Library/Frameworks/NetFS.framework/Versions/A/NetFS
0x0000000008118000 	/System/Library/PrivateFrameworks/NetAuth.framework/Versions/A/NetAuth
0x0000000008118000 	/System/Library/PrivateFrameworks/login.framework/Versions/A/Frameworks/loginsupport.framework/Versions/A/loginsupport
0x0000000008118000 	/System/Library/PrivateFrameworks/TCC.framework/Versions/A/TCC
0x0000000008118000 	/usr/lib/libmecabra.dylib
0x0000000008118000 	/System/Library/Frameworks/ApplicationServices.framework/Versions/A/Frameworks/ATS.framework/Versions/A/ATS
0x0000000008118000 	/System/Library/Frameworks/ApplicationServices.framework/Versions/A/Frameworks/ColorSync.framework/Versions/A/ColorSync
0x0000000008118000 	/System/Library/Frameworks/ApplicationServices.framework/Versions/A/Frameworks/HIServices.framework/Versions/A/HIServices
0x0000000008118000 	/System/Library/Frameworks/ApplicationServices.framework/Versions/A/Frameworks/LangAnalysis.framework/Versions/A/LangAnalysis
0x0000000008118000 	/System/Library/Frameworks/ApplicationServices.framework/Versions/A/Frameworks/PrintCore.framework/Versions/A/PrintCore
0x0000000008118000 	/System/Library/Frameworks/ApplicationServices.framework/Versions/A/Frameworks/QD.framework/Versions/A/QD
0x0000000008118000 	/System/Library/Frameworks/ApplicationServices.framework/Versions/A/Frameworks/SpeechSynthesis.framework/Versions/A/SpeechSynthesis
0x0000000008118000 	/System/Library/Frameworks/Accelerate.framework/Versions/A/Accelerate
0x0000000008118000 	/System/Library/Frameworks/Accelerate.framework/Versions/A/Frameworks/vImage.framework/Versions/A/vImage
0x0000000008118000 	/System/Library/Frameworks/Accelerate.framework/Versions/A/Frameworks/vecLib.framework/Versions/A/vecLib
0x0000000008118000 	/System/Library/Frameworks/Accelerate.framework/Versions/A/Frameworks/vecLib.framework/Versions/A/libvDSP.dylib
0x0000000008118000 	/System/Library/Frameworks/Accelerate.framework/Versions/A/Frameworks/vecLib.framework/Versions/A/libvMisc.dylib
0x0000000008118000 	/System/Library/Frameworks/Accelerate.framework/Versions/A/Frameworks/vecLib.framework/Versions/A/libLAPACK.dylib
0x0000000008118000 	/System/Library/Frameworks/Accelerate.framework/Versions/A/Frameworks/vecLib.framework/Versions/A/libBLAS.dylib
0x0000000008118000 	/System/Library/Frameworks/Accelerate.framework/Versions/A/Frameworks/vecLib.framework/Versions/A/libLinearAlgebra.dylib
0x0000000008118000 	/System/Library/Frameworks/ApplicationServices.framework/Versions/A/Frameworks/ATS.framework/Versions/A/Resources/libFontParser.dylib
0x0000000008118000 	/System/Library/Frameworks/ApplicationServices.framework/Versions/A/Frameworks/ATS.framework/Versions/A/Resources/libFontRegistry.dylib
0x0000000008118000 	/System/Library/PrivateFrameworks/AppleVPA.framework/Versions/A/AppleVPA
0x0000000008118000 	/System/Library/PrivateFrameworks/AppleJPEG.framework/Versions/A/AppleJPEG
0x0000000008118000 	/System/Library/Frameworks/ImageIO.framework/Versions/A/Resources/libJPEG.dylib
0x0000000008118000 	/System/Library/Frameworks/ImageIO.framework/Versions/A/Resources/libTIFF.dylib
0x0000000008118000 	/System/Library/Frameworks/ImageIO.framework/Versions/A/Resources/libPng.dylib
0x0000000008118000 	/System/Library/Frameworks/ImageIO.framework/Versions/A/Resources/libGIF.dylib
0x0000000008118000 	/System/Library/Frameworks/ImageIO.framework/Versions/A/Resources/libJP2.dylib
0x0000000008118000 	/System/Library/Frameworks/ImageIO.framework/Versions/A/Resources/libRadiance.dylib
0x0000000008118000 	/System/Library/Frameworks/CoreVideo.framework/Versions/A/CoreVideo
0x0000000008118000 	/System/Library/Frameworks/OpenGL.framework/Versions/A/Libraries/libGLU.dylib
0x0000000008118000 	/System/Library/Frameworks/OpenGL.framework/Versions/A/Libraries/libGFXShared.dylib
0x0000000008118000 	/System/Library/Frameworks/OpenGL.framework/Versions/A/Libraries/libGL.dylib
0x0000000008118000 	/System/Library/Frameworks/OpenGL.framework/Versions/A/Libraries/libGLImage.dylib
0x0000000008118000 	/System/Library/Frameworks/OpenGL.framework/Versions/A/Libraries/libCVMSPluginSupport.dylib
0x0000000008118000 	/System/Library/Frameworks/OpenGL.framework/Versions/A/Libraries/libCoreVMClient.dylib
0x0000000008118000 	/usr/lib/libcups.2.dylib
0x0000000008118000 	/System/Library/Frameworks/Kerberos.framework/Versions/A/Kerberos
0x0000000008118000 	/System/Library/Frameworks/GSS.framework/Versions/A/GSS
0x0000000008118000 	/usr/lib/libresolv.9.dylib
0x0000000008118000 	/usr/lib/libiconv.2.dylib
0x0000000008118000 	/System/Library/PrivateFrameworks/Heimdal.framework/Versions/A/Heimdal
0x0000000008118000 	/usr/lib/libheimdal-asn1.dylib
0x0000000008118000 	/System/Library/Frameworks/OpenDirectory.framework/Versions/A/OpenDirectory
0x0000000008118000 	/System/Library/PrivateFrameworks/CommonAuth.framework/Versions/A/CommonAuth
0x0000000008118000 	/System/Library/Frameworks/OpenDirectory.framework/Versions/A/Frameworks/CFOpenDirectory.framework/Versions/A/CFOpenDirectory
0x0000000008118000 	/System/Library/Frameworks/SecurityFoundation.framework/Versions/A/SecurityFoundation
0x0000000008118000 	/System/Library/PrivateFrameworks/LanguageModeling.framework/Versions/A/LanguageModeling
0x0000000008118000 	/usr/lib/libcmph.dylib
0x0000000008118000 	/System/Library/Frameworks/ServiceManagement.framework/Versions/A/ServiceManagement
0x0000000008118000 	/usr/lib/libxslt.1.dylib
0x0000000008118000 	/System/Library/Frameworks/Carbon.framework/Versions/A/Frameworks/Ink.framework/Versions/A/Ink
0x0000000008118000 	/System/Library/Frameworks/QuartzCore.framework/Versions/A/Frameworks/CoreImage.framework/Versions/A/CoreImage
0x0000000008118000 	/System/Library/PrivateFrameworks/CrashReporterSupport.framework/Versions/A/CrashReporterSupport
0x0000000008118000 	/System/Library/Frameworks/OpenCL.framework/Versions/A/OpenCL
0x0000000008118000 	/System/Library/PrivateFrameworks/FaceCore.framework/Versions/A/FaceCore
0x0000000008118000 	/System/Library/PrivateFrameworks/Ubiquity.framework/Versions/A/Ubiquity
0x0000000008118000 	/System/Library/PrivateFrameworks/IconServices.framework/Versions/A/IconServices
0x0000000008118000 	/System/Library/PrivateFrameworks/ChunkingLibrary.framework/Versions/A/ChunkingLibrary
0x0000000008118000 	/System/Library/PrivateFrameworks/Apple80211.framework/Versions/A/Apple80211
0x0000000008118000 	/System/Library/Frameworks/CoreWLAN.framework/Versions/A/CoreWLAN
0x0000000008118000 	/System/Library/Frameworks/IOBluetooth.framework/Versions/A/IOBluetooth
0x0000000008118000 	/System/Library/PrivateFrameworks/CoreWiFi.framework/Versions/A/CoreWiFi
0x0000000008118000 	/System/Library/Frameworks/CoreBluetooth.framework/Versions/A/CoreBluetooth
0x0000000008118000 	/System/Library/PrivateFrameworks/DebugSymbols.framework/Versions/A/DebugSymbols
0x0000000008118000 	/System/Library/PrivateFrameworks/CoreSymbolication.framework/Versions/A/CoreSymbolication
0x0000000008118000 	/System/Library/PrivateFrameworks/Symbolication.framework/Versions/A/Symbolication
0x0000000008118000 	/System/Library/PrivateFrameworks/SpeechRecognitionCore.framework/Versions/A/SpeechRecognitionCore
0x0000000106600000 	/Library/Java/JavaVirtualMachines/jdk1.8.0_45.jdk/Contents/Home/jre/lib/server/libjvm.dylib
0x0000000008118000 	/usr/lib/libstdc++.6.dylib
0x00000001055f2000 	/Library/Java/JavaVirtualMachines/jdk1.8.0_45.jdk/Contents/Home/jre/lib/libverify.dylib
0x0000000107569000 	/Library/Java/JavaVirtualMachines/jdk1.8.0_45.jdk/Contents/Home/jre/lib/libjava.dylib
0x00000001075a8000 	/Library/Java/JavaVirtualMachines/jdk1.8.0_45.jdk/Contents/Home/jre/lib/libzip.dylib
0x00000001169e2000 	/System/Library/Frameworks/JavaVM.framework/Frameworks/JavaRuntimeSupport.framework/JavaRuntimeSupport
0x00000001de8d3000 	/System/Library/Frameworks/JavaVM.framework/Versions/A/Frameworks/JavaNativeFoundation.framework/Versions/A/JavaNativeFoundation
0x00000001de8e8000 	/System/Library/Frameworks/JavaVM.framework/Versions/A/JavaVM
0x0000000008118000 	/System/Library/Frameworks/Carbon.framework/Versions/A/Carbon
0x00000001de8f5000 	/System/Library/PrivateFrameworks/JavaLaunching.framework/Versions/A/JavaLaunching
0x0000000008118000 	/System/Library/Frameworks/Carbon.framework/Versions/A/Frameworks/CommonPanels.framework/Versions/A/CommonPanels
0x0000000008118000 	/System/Library/Frameworks/Carbon.framework/Versions/A/Frameworks/Help.framework/Versions/A/Help
0x0000000008118000 	/System/Library/Frameworks/Carbon.framework/Versions/A/Frameworks/ImageCapture.framework/Versions/A/ImageCapture
0x0000000008118000 	/System/Library/Frameworks/Carbon.framework/Versions/A/Frameworks/OpenScripting.framework/Versions/A/OpenScripting
0x0000000008118000 	/System/Library/Frameworks/Carbon.framework/Versions/A/Frameworks/Print.framework/Versions/A/Print
0x0000000008118000 	/System/Library/Frameworks/Carbon.framework/Versions/A/Frameworks/SecurityHI.framework/Versions/A/SecurityHI
0x00000001e0850000 	/Library/Java/JavaVirtualMachines/jdk1.8.0_45.jdk/Contents/Home/jre/lib/libnet.dylib
0x00000001e08af000 	/Users/johanmouritsen/Downloads/SensorSender 3/lib/librxtxSerial.jnilib

VM Arguments:
jvm_args: -Djava.library.path=/Users/johanmouritsen/Downloads/SensorSender 3/lib -Dfile.encoding=UTF-8 
java_command: DataSender /dev/tty.usbmodem1421
java_class_path (initial): /Users/johanmouritsen/Downloads/SensorSender 3/bin:/Users/johanmouritsen/Downloads/SensorSender 3/lib/RXTXcomm.jar
Launcher Type: SUN_STANDARD

Environment Variables:
PATH=/usr/bin:/bin:/usr/sbin:/sbin
SHELL=/bin/bash
DISPLAY=/private/tmp/com.apple.launchd.lnzyQuq8K7/org.macosforge.xquartz:0

Signal Handlers:
SIGSEGV: [libjvm.dylib+0x58ef95], sa_mask[0]=11111111011111110111111111111111, sa_flags=SA_ONSTACK|SA_RESTART|SA_SIGINFO
SIGBUS: [libjvm.dylib+0x58ef95], sa_mask[0]=11111111011111110111111111111111, sa_flags=SA_RESTART|SA_SIGINFO
SIGFPE: [libjvm.dylib+0x46c108], sa_mask[0]=11111111011111110111111111111111, sa_flags=SA_RESTART|SA_SIGINFO
SIGPIPE: [libjvm.dylib+0x46c108], sa_mask[0]=11111111011111110111111111111111, sa_flags=SA_RESTART|SA_SIGINFO
SIGXFSZ: [libjvm.dylib+0x46c108], sa_mask[0]=11111111011111110111111111111111, sa_flags=SA_RESTART|SA_SIGINFO
SIGILL: [libjvm.dylib+0x46c108], sa_mask[0]=11111111011111110111111111111111, sa_flags=SA_RESTART|SA_SIGINFO
SIGUSR1: SIG_DFL, sa_mask[0]=00000000000000000000000000000000, sa_flags=none
SIGUSR2: [libjvm.dylib+0x46bc26], sa_mask[0]=00100000000000000000000000000000, sa_flags=SA_RESTART|SA_SIGINFO
SIGHUP: [libjvm.dylib+0x46a1f9], sa_mask[0]=11111111011111110111111111111111, sa_flags=SA_RESTART|SA_SIGINFO
SIGINT: [libjvm.dylib+0x46a1f9], sa_mask[0]=11111111011111110111111111111111, sa_flags=SA_RESTART|SA_SIGINFO
SIGTERM: [libjvm.dylib+0x46a1f9], sa_mask[0]=11111111011111110111111111111111, sa_flags=SA_RESTART|SA_SIGINFO
SIGQUIT: [libjvm.dylib+0x46a1f9], sa_mask[0]=11111111011111110111111111111111, sa_flags=SA_RESTART|SA_SIGINFO


---------------  S Y S T E M  ---------------

OS:Bsduname:Darwin 14.1.0 Darwin Kernel Version 14.1.0: Mon Dec 22 23:10:38 PST 2014; root:xnu-2782.10.72~2/RELEASE_X86_64 x86_64
rlimit: STACK 8192k, CORE 0k, NPROC 709, NOFILE 10240, AS infinity
load average:15.27 13.48 9.01

CPU:total 8 (4 cores per cpu, 2 threads per core) family 6 model 58 stepping 9, cmov, cx8, fxsr, mmx, sse, sse2, sse3, ssse3, sse4.1, sse4.2, popcnt, avx, aes, clmul, erms, ht, tsc, tscinvbit, tscinv

Memory: 4k page, physical 8388608k(178764k free)

/proc/meminfo:


vm_info: Java HotSpot(TM) 64-Bit Server VM (25.45-b02) for bsd-amd64 JRE (1.8.0_45-b14), built on Apr 10 2015 10:46:38 by "java_re" with gcc 4.2.1 (Based on Apple Inc. build 5658) (LLVM build 2336.11.00)

time: Wed Apr 22 20:04:56 2015
elapsed time: 1 seconds (0d 0h 0m 1s)

